This file contains any messages produced by compilers while
running configure, to aid debugging if configure makes a mistake.

It was created by cgicc configure NOTVERSIONNEDPACKAGE, which was
generated by GNU Autoconf 2.63.  Invocation command line was

  $ ./configure 

## --------- ##
## Platform. ##
## --------- ##

hostname = titanium
uname -m = i686
uname -r = 1.5.25(0.156/4/2)
uname -s = CYGWIN_NT-5.1
uname -v = 2008-06-12 19:34

/usr/bin/uname -p = unknown
/bin/uname -X     = unknown

/bin/arch              = i686
/usr/bin/arch -k       = unknown
/usr/convex/getsysinfo = unknown
/usr/bin/hostinfo      = unknown
/bin/machine           = unknown
/usr/bin/oslevel       = unknown
/bin/universe          = unknown

PATH: /usr/local/bin
PATH: /usr/bin
PATH: /bin
PATH: /usr/X11R6/bin
PATH: /cygdrive/c/ruby/bin
PATH: /cygdrive/c/Program Files/Aqsis/bin
PATH: /cygdrive/c/WINDOWS/system32
PATH: /cygdrive/c/WINDOWS
PATH: /cygdrive/c/WINDOWS/System32/Wbem
PATH: /cygdrive/c/Program Files/QuickTime/QTSystem/
PATH: /cygdrive/c/WATCOM/BINNT
PATH: /cygdrive/c/WATCOM/BINW
PATH: /cygdrive/c/Program Files/Microsoft SQL Server/90/Tools/binn/
PATH: /cygdrive/c/CUDA/bin
PATH: /cygdrive/c/xampp/mysql/bin
PATH: /cygdrive/c/xampp/mysql/scripts
PATH: /usr/lib/lapack


## ----------- ##
## Core tests. ##
## ----------- ##

configure:2096: checking for a BSD-compatible install
configure:2164: result: /usr/bin/install -c
configure:2175: checking whether build environment is sane
configure:2218: result: yes
configure:2243: checking for a thread-safe mkdir -p
configure:2282: result: /usr/bin/mkdir -p
configure:2295: checking for gawk
configure:2311: found /usr/bin/gawk
configure:2322: result: gawk
configure:2333: checking whether make sets $(MAKE)
configure:2355: result: yes
configure:2608: checking for g++
configure:2624: found /usr/bin/g++
configure:2635: result: g++
configure:2662: checking for C++ compiler version
configure:2670: g++ --version >&5
g++ (GCC) 3.4.4 (cygming special, gdc 0.12, using dmd 0.125)
Copyright (C) 2004 Free Software Foundation, Inc.
This is free software; see the source for copying conditions.  There is NO
warranty; not even for MERCHANTABILITY or FITNESS FOR A PARTICULAR PURPOSE.

configure:2674: $? = 0
configure:2681: g++ -v >&5
Reading specs from /usr/lib/gcc/i686-pc-cygwin/3.4.4/specs
Configured with: /usr/build/package/orig/test.respin/gcc-3.4.4-3/configure --verbose --prefix=/usr --exec-prefix=/usr --sysconfdir=/etc --libdir=/usr/lib --libexecdir=/usr/lib --mandir=/usr/share/man --infodir=/usr/share/info --enable-languages=c,ada,c++,d,f77,pascal,java,objc --enable-nls --without-included-gettext --enable-version-specific-runtime-libs --without-x --enable-libgcj --disable-java-awt --with-system-zlib --enable-interpreter --disable-libgcj-debug --enable-threads=posix --enable-java-gc=boehm --disable-win32-registry --enable-sjlj-exceptions --enable-hash-synchronization --enable-libstdcxx-debug
Thread model: posix
gcc version 3.4.4 (cygming special, gdc 0.12, using dmd 0.125)
configure:2685: $? = 0
configure:2692: g++ -V >&5
g++: `-V' option must have argument
configure:2696: $? = 1
configure:2719: checking for C++ compiler default output file name
configure:2741: g++    conftest.cpp  >&5
configure:2745: $? = 0
configure:2783: result: a.exe
configure:2802: checking whether the C++ compiler works
configure:2812: ./a.exe
configure:2816: $? = 0
configure:2835: result: yes
configure:2842: checking whether we are cross compiling
configure:2844: result: no
configure:2847: checking for suffix of executables
configure:2854: g++ -o conftest.exe    conftest.cpp  >&5
configure:2858: $? = 0
configure:2884: result: .exe
configure:2890: checking for suffix of object files
configure:2916: g++ -c   conftest.cpp >&5
configure:2920: $? = 0
configure:2945: result: o
configure:2949: checking whether we are using the GNU C++ compiler
configure:2978: g++ -c   conftest.cpp >&5
configure:2985: $? = 0
configure:3002: result: yes
configure:3011: checking whether g++ accepts -g
configure:3041: g++ -c -g  conftest.cpp >&5
configure:3048: $? = 0
configure:3149: result: yes
configure:3183: checking for style of include used by make
configure:3211: result: GNU
configure:3236: checking dependency style of g++
configure:3327: result: gcc3
configure:3356: checking for a BSD-compatible install
configure:3424: result: /usr/bin/install -c
configure:3466: checking build system type
configure:3484: result: i686-pc-cygwin
configure:3506: checking host system type
configure:3521: result: i686-pc-cygwin
configure:3591: checking for gcc
configure:3607: found /usr/bin/gcc
configure:3618: result: gcc
configure:3850: checking for C compiler version
configure:3858: gcc --version >&5
gcc (GCC) 3.4.4 (cygming special, gdc 0.12, using dmd 0.125)
Copyright (C) 2004 Free Software Foundation, Inc.
This is free software; see the source for copying conditions.  There is NO
warranty; not even for MERCHANTABILITY or FITNESS FOR A PARTICULAR PURPOSE.

configure:3862: $? = 0
configure:3869: gcc -v >&5
Reading specs from /usr/lib/gcc/i686-pc-cygwin/3.4.4/specs
Configured with: /usr/build/package/orig/test.respin/gcc-3.4.4-3/configure --verbose --prefix=/usr --exec-prefix=/usr --sysconfdir=/etc --libdir=/usr/lib --libexecdir=/usr/lib --mandir=/usr/share/man --infodir=/usr/share/info --enable-languages=c,ada,c++,d,f77,pascal,java,objc --enable-nls --without-included-gettext --enable-version-specific-runtime-libs --without-x --enable-libgcj --disable-java-awt --with-system-zlib --enable-interpreter --disable-libgcj-debug --enable-threads=posix --enable-java-gc=boehm --disable-win32-registry --enable-sjlj-exceptions --enable-hash-synchronization --enable-libstdcxx-debug
Thread model: posix
gcc version 3.4.4 (cygming special, gdc 0.12, using dmd 0.125)
configure:3873: $? = 0
configure:3880: gcc -V >&5
gcc: `-V' option must have argument
configure:3884: $? = 1
configure:3887: checking whether we are using the GNU C compiler
configure:3916: gcc -c   conftest.c >&5
configure:3923: $? = 0
configure:3940: result: yes
configure:3949: checking whether gcc accepts -g
configure:3979: gcc -c -g  conftest.c >&5
configure:3986: $? = 0
configure:4087: result: yes
configure:4104: checking for gcc option to accept ISO C89
configure:4178: gcc  -c -g -O2  conftest.c >&5
configure:4185: $? = 0
configure:4208: result: none needed
configure:4228: checking dependency style of gcc
configure:4319: result: gcc3
configure:4334: checking for a sed that does not truncate output
configure:4400: result: /usr/bin/sed
configure:4418: checking for grep that handles long lines and -e
configure:4478: result: /usr/bin/grep
configure:4483: checking for egrep
configure:4547: result: /usr/bin/grep -E
configure:4552: checking for fgrep
configure:4616: result: /usr/bin/grep -F
configure:4651: checking for ld used by gcc
configure:4718: result: /usr/i686-pc-cygwin/bin/ld.exe
configure:4727: checking if the linker (/usr/i686-pc-cygwin/bin/ld.exe) is GNU ld
configure:4742: result: yes
configure:4754: checking for BSD- or MS-compatible name lister (nm)
configure:4803: result: /usr/bin/nm -B
configure:4921: checking the name lister (/usr/bin/nm -B) interface
configure:4928: g++ -c -g -O2  conftest.cpp >&5
configure:4931: /usr/bin/nm -B "conftest.o"
configure:4934: output
00000000 b .bss
00000000 d .data
00000000 N .stab
00000000 N .stabstr
00000000 t .text
00000000 B _some_variable
configure:4941: result: BSD nm
configure:4944: checking whether ln -s works
configure:4948: result: yes
configure:4956: checking the maximum length of command line arguments
configure:5076: result: 8192
configure:5093: checking whether the shell understands some XSI constructs
configure:5103: result: yes
configure:5107: checking whether the shell understands "+="
configure:5113: result: yes
configure:5148: checking for /usr/i686-pc-cygwin/bin/ld.exe option to reload object files
configure:5155: result: -r
configure:5224: checking for objdump
configure:5240: found /usr/bin/objdump
configure:5251: result: objdump
configure:5283: checking how to recognize dependent libraries
configure:5479: result: file_magic ^x86 archive import|^x86 DLL
configure:5539: checking for ar
configure:5555: found /usr/bin/ar
configure:5566: result: ar
configure:5644: checking for strip
configure:5660: found /usr/bin/strip
configure:5671: result: strip
configure:5743: checking for ranlib
configure:5759: found /usr/bin/ranlib
configure:5770: result: ranlib
configure:5860: checking command to parse /usr/bin/nm -B output from gcc object
configure:5978: g++ -c -g -O2  conftest.cpp >&5
configure:5981: $? = 0
configure:5985: /usr/bin/nm -B conftest.o \| sed -n -e 's/^.*[	 ]\([ABCDGIRSTW][ABCDGIRSTW]*\)[	 ][	 ]*\([_A-Za-z][_A-Za-z0-9]*\)$/\1 \2 \2/p' \> conftest.nm
configure:5988: $? = 0
cannot find nm_test_var in conftest.nm
configure:5978: g++ -c -g -O2  conftest.cpp >&5
configure:5981: $? = 0
configure:5985: /usr/bin/nm -B conftest.o \| sed -n -e 's/^.*[	 ]\([ABCDGIRSTW][ABCDGIRSTW]*\)[	 ][	 ]*_\([_A-Za-z][_A-Za-z0-9]*\)$/\1 _\2 \2/p' \> conftest.nm
configure:5988: $? = 0
configure:6042: g++ -o conftest.exe -g -O2   conftest.cpp conftstm.o >&5
configure:6045: $? = 0
configure:6083: result: ok
configure:6950: checking how to run the C preprocessor
configure:6990: gcc -E  conftest.c
configure:6997: $? = 0
configure:7028: gcc -E  conftest.c
conftest.c:10:28: ac_nonexistent.h: No such file or directory
configure:7035: $? = 1
configure: failed program was:
| /* confdefs.h.  */
| #define PACKAGE_NAME "cgicc"
| #define PACKAGE_TARNAME "cgicc"
| #define PACKAGE_VERSION "NOTVERSIONNEDPACKAGE"
| #define PACKAGE_STRING "cgicc NOTVERSIONNEDPACKAGE"
| #define PACKAGE_BUGREPORT "bug-cgicc@gnu.org"
| #define PACKAGE "cgicc"
| #define VERSION "NOTVERSIONNEDPACKAGE"
| /* end confdefs.h.  */
| #include <ac_nonexistent.h>
configure:7068: result: gcc -E
configure:7097: gcc -E  conftest.c
configure:7104: $? = 0
configure:7135: gcc -E  conftest.c
conftest.c:10:28: ac_nonexistent.h: No such file or directory
configure:7142: $? = 1
configure: failed program was:
| /* confdefs.h.  */
| #define PACKAGE_NAME "cgicc"
| #define PACKAGE_TARNAME "cgicc"
| #define PACKAGE_VERSION "NOTVERSIONNEDPACKAGE"
| #define PACKAGE_STRING "cgicc NOTVERSIONNEDPACKAGE"
| #define PACKAGE_BUGREPORT "bug-cgicc@gnu.org"
| #define PACKAGE "cgicc"
| #define VERSION "NOTVERSIONNEDPACKAGE"
| /* end confdefs.h.  */
| #include <ac_nonexistent.h>
configure:7182: checking for ANSI C header files
configure:7212: gcc -c -g -O2  conftest.c >&5
configure:7219: $? = 0
configure:7350: result: no
configure:7374: checking for sys/types.h
configure:7395: gcc -c -g -O2  conftest.c >&5
configure:7402: $? = 0
configure:7419: result: yes
configure:7374: checking for sys/stat.h
configure:7395: gcc -c -g -O2  conftest.c >&5
configure:7402: $? = 0
configure:7419: result: yes
configure:7374: checking for stdlib.h
configure:7395: gcc -c -g -O2  conftest.c >&5
configure:7402: $? = 0
configure:7419: result: yes
configure:7374: checking for string.h
configure:7395: gcc -c -g -O2  conftest.c >&5
configure:7402: $? = 0
configure:7419: result: yes
configure:7374: checking for memory.h
configure:7395: gcc -c -g -O2  conftest.c >&5
configure:7402: $? = 0
configure:7419: result: yes
configure:7374: checking for strings.h
configure:7395: gcc -c -g -O2  conftest.c >&5
configure:7402: $? = 0
configure:7419: result: yes
configure:7374: checking for inttypes.h
configure:7395: gcc -c -g -O2  conftest.c >&5
configure:7402: $? = 0
configure:7419: result: yes
configure:7374: checking for stdint.h
configure:7395: gcc -c -g -O2  conftest.c >&5
configure:7402: $? = 0
configure:7419: result: yes
configure:7374: checking for unistd.h
configure:7395: gcc -c -g -O2  conftest.c >&5
configure:7402: $? = 0
configure:7419: result: yes
configure:7437: checking for dlfcn.h
configure:7458: gcc -c -g -O2  conftest.c >&5
configure:7465: $? = 0
configure:7482: result: yes
configure:7609: checking for C++ compiler version
configure:7617: g++ --version >&5
g++ (GCC) 3.4.4 (cygming special, gdc 0.12, using dmd 0.125)
Copyright (C) 2004 Free Software Foundation, Inc.
This is free software; see the source for copying conditions.  There is NO
warranty; not even for MERCHANTABILITY or FITNESS FOR A PARTICULAR PURPOSE.

configure:7621: $? = 0
configure:7628: g++ -v >&5
Reading specs from /usr/lib/gcc/i686-pc-cygwin/3.4.4/specs
Configured with: /usr/build/package/orig/test.respin/gcc-3.4.4-3/configure --verbose --prefix=/usr --exec-prefix=/usr --sysconfdir=/etc --libdir=/usr/lib --libexecdir=/usr/lib --mandir=/usr/share/man --infodir=/usr/share/info --enable-languages=c,ada,c++,d,f77,pascal,java,objc --enable-nls --without-included-gettext --enable-version-specific-runtime-libs --without-x --enable-libgcj --disable-java-awt --with-system-zlib --enable-interpreter --disable-libgcj-debug --enable-threads=posix --enable-java-gc=boehm --disable-win32-registry --enable-sjlj-exceptions --enable-hash-synchronization --enable-libstdcxx-debug
Thread model: posix
gcc version 3.4.4 (cygming special, gdc 0.12, using dmd 0.125)
configure:7632: $? = 0
configure:7639: g++ -V >&5
g++: `-V' option must have argument
configure:7643: $? = 1
configure:7646: checking whether we are using the GNU C++ compiler
configure:7699: result: yes
configure:7708: checking whether g++ accepts -g
configure:7846: result: yes
configure:7871: checking dependency style of g++
configure:7962: result: gcc3
configure:7985: checking how to run the C++ preprocessor
configure:8021: g++ -E  conftest.cpp
configure:8028: $? = 0
configure:8059: g++ -E  conftest.cpp
conftest.cpp:20:28: ac_nonexistent.h: No such file or directory
configure:8066: $? = 1
configure: failed program was:
| /* confdefs.h.  */
| #define PACKAGE_NAME "cgicc"
| #define PACKAGE_TARNAME "cgicc"
| #define PACKAGE_VERSION "NOTVERSIONNEDPACKAGE"
| #define PACKAGE_STRING "cgicc NOTVERSIONNEDPACKAGE"
| #define PACKAGE_BUGREPORT "bug-cgicc@gnu.org"
| #define PACKAGE "cgicc"
| #define VERSION "NOTVERSIONNEDPACKAGE"
| #define HAVE_SYS_TYPES_H 1
| #define HAVE_SYS_STAT_H 1
| #define HAVE_STDLIB_H 1
| #define HAVE_STRING_H 1
| #define HAVE_MEMORY_H 1
| #define HAVE_STRINGS_H 1
| #define HAVE_INTTYPES_H 1
| #define HAVE_STDINT_H 1
| #define HAVE_UNISTD_H 1
| #define HAVE_DLFCN_H 1
| /* end confdefs.h.  */
| #include <ac_nonexistent.h>
configure:8099: result: g++ -E
configure:8128: g++ -E  conftest.cpp
configure:8135: $? = 0
configure:8166: g++ -E  conftest.cpp
conftest.cpp:20:28: ac_nonexistent.h: No such file or directory
configure:8173: $? = 1
configure: failed program was:
| /* confdefs.h.  */
| #define PACKAGE_NAME "cgicc"
| #define PACKAGE_TARNAME "cgicc"
| #define PACKAGE_VERSION "NOTVERSIONNEDPACKAGE"
| #define PACKAGE_STRING "cgicc NOTVERSIONNEDPACKAGE"
| #define PACKAGE_BUGREPORT "bug-cgicc@gnu.org"
| #define PACKAGE "cgicc"
| #define VERSION "NOTVERSIONNEDPACKAGE"
| #define HAVE_SYS_TYPES_H 1
| #define HAVE_SYS_STAT_H 1
| #define HAVE_STDLIB_H 1
| #define HAVE_STRING_H 1
| #define HAVE_MEMORY_H 1
| #define HAVE_STRINGS_H 1
| #define HAVE_INTTYPES_H 1
| #define HAVE_STDINT_H 1
| #define HAVE_UNISTD_H 1
| #define HAVE_DLFCN_H 1
| /* end confdefs.h.  */
| #include <ac_nonexistent.h>
configure:8387: checking for objdir
configure:8402: result: .libs
configure:8698: checking if gcc supports -fno-rtti -fno-exceptions
configure:8716: gcc -c -g -O2  -fno-rtti -fno-exceptions conftest.c >&5
cc1: warning: command line option "-fno-rtti" is valid for C++/ObjC++ but not for C
configure:8720: $? = 0
configure:8733: result: no
configure:8753: checking for gcc option to produce PIC
configure:9025: result: -DDLL_EXPORT -DPIC
configure:9037: checking if gcc PIC flag -DDLL_EXPORT -DPIC works
configure:9055: gcc -c -g -O2  -DDLL_EXPORT -DPIC -DPIC conftest.c >&5
configure:9059: $? = 0
configure:9072: result: yes
configure:9096: checking if gcc static flag -static works
configure:9124: result: yes
configure:9139: checking if gcc supports -c -o file.o
configure:9160: gcc -c -g -O2  -o out/conftest2.o conftest.c >&5
configure:9164: $? = 0
configure:9186: result: yes
configure:9194: checking if gcc supports -c -o file.o
configure:9241: result: yes
configure:9274: checking whether the gcc linker (/usr/i686-pc-cygwin/bin/ld.exe) supports shared libraries
configure:10349: result: yes
configure:10386: checking whether -lc should be explicitly linked in
configure:10391: gcc -c -g -O2  conftest.c >&5
configure:10394: $? = 0
configure:10409: gcc -shared conftest.o  -v -o ./conftest -Wl,--enable-auto-image-base -Xlinker --out-implib -Xlinker conftest 2\>\&1 \| /usr/bin/grep  -lc  \>/dev/null 2\>\&1
configure:10412: $? = 1
configure:10424: result: yes
configure:10588: checking dynamic linker characteristics
configure:11271: result: Win32 ld.exe
configure:11373: checking how to hardcode library paths into programs
configure:11398: result: immediate
configure:12231: checking whether stripping libraries is possible
configure:12236: result: yes
configure:12271: checking if libtool supports shared libraries
configure:12273: result: yes
configure:12276: checking whether to build shared libraries
configure:12297: result: yes
configure:12300: checking whether to build static libraries
configure:12304: result: yes
configure:12454: checking for ld used by g++
configure:12521: result: /usr/i686-pc-cygwin/bin/ld.exe
configure:12530: checking if the linker (/usr/i686-pc-cygwin/bin/ld.exe) is GNU ld
configure:12545: result: yes
configure:12600: checking whether the g++ linker (/usr/i686-pc-cygwin/bin/ld.exe) supports shared libraries
configure:13575: result: yes
configure:13603: g++ -c -g -O2  conftest.cpp >&5
configure:13606: $? = 0
configure:13788: checking for g++ option to produce PIC
configure:14105: result: -DDLL_EXPORT -DPIC
configure:14114: checking if g++ PIC flag -DDLL_EXPORT -DPIC works
configure:14132: g++ -c -g -O2  -DDLL_EXPORT -DPIC -DPIC conftest.cpp >&5
configure:14136: $? = 0
configure:14149: result: yes
configure:14170: checking if g++ static flag -static works
configure:14198: result: yes
configure:14210: checking if g++ supports -c -o file.o
configure:14231: g++ -c -g -O2  -o out/conftest2.o conftest.cpp >&5
configure:14235: $? = 0
configure:14257: result: yes
configure:14262: checking if g++ supports -c -o file.o
configure:14309: result: yes
configure:14339: checking whether the g++ linker (/usr/i686-pc-cygwin/bin/ld.exe) supports shared libraries
configure:14366: result: yes
configure:14503: checking dynamic linker characteristics
configure:15134: result: Win32 ld.exe
configure:15185: checking how to hardcode library paths into programs
configure:15210: result: immediate
configure:15269: creating ./config.lt

## ------------------ ##
## Running config.lt. ##
## ------------------ ##
config.lt:623: creating libtool
configure:16822: checking for doxygen
configure:16838: found /usr/local/bin/doxygen
configure:16850: result: doxygen
configure:16864: checking for gethostbyaddr in -lnsl
configure:16899: g++ -o conftest.exe -g -O2   conftest.cpp -lnsl   >&5
/usr/lib/gcc/i686-pc-cygwin/3.4.4/../../../../i686-pc-cygwin/bin/ld: cannot find -lnsl
collect2: ld returned 1 exit status
configure:16906: $? = 1
configure: failed program was:
| /* confdefs.h.  */
| #define PACKAGE_NAME "cgicc"
| #define PACKAGE_TARNAME "cgicc"
| #define PACKAGE_VERSION "NOTVERSIONNEDPACKAGE"
| #define PACKAGE_STRING "cgicc NOTVERSIONNEDPACKAGE"
| #define PACKAGE_BUGREPORT "bug-cgicc@gnu.org"
| #define PACKAGE "cgicc"
| #define VERSION "NOTVERSIONNEDPACKAGE"
| #define HAVE_SYS_TYPES_H 1
| #define HAVE_SYS_STAT_H 1
| #define HAVE_STDLIB_H 1
| #define HAVE_STRING_H 1
| #define HAVE_MEMORY_H 1
| #define HAVE_STRINGS_H 1
| #define HAVE_INTTYPES_H 1
| #define HAVE_STDINT_H 1
| #define HAVE_UNISTD_H 1
| #define HAVE_DLFCN_H 1
| #define LT_OBJDIR ".libs/"
| /* end confdefs.h.  */
| 
| /* Override any GCC internal prototype to avoid an error.
|    Use char because int might match the return type of a GCC
|    builtin and then its argument prototype would still apply.  */
| #ifdef __cplusplus
| extern "C"
| #endif
| char gethostbyaddr ();
| int
| main ()
| {
| return gethostbyaddr ();
|   ;
|   return 0;
| }
configure:16927: result: no
configure:16954: checking sys/time.h usability
configure:16971: g++ -c -g -O2  conftest.cpp >&5
configure:16978: $? = 0
configure:16992: result: yes
configure:16996: checking sys/time.h presence
configure:17011: g++ -E  conftest.cpp
configure:17018: $? = 0
configure:17032: result: yes
configure:17065: checking for sys/time.h
configure:17074: result: yes
configure:16954: checking sys/utsname.h usability
configure:16971: g++ -c -g -O2  conftest.cpp >&5
configure:16978: $? = 0
configure:16992: result: yes
configure:16996: checking sys/utsname.h presence
configure:17011: g++ -E  conftest.cpp
configure:17018: $? = 0
configure:17032: result: yes
configure:17065: checking for sys/utsname.h
configure:17074: result: yes
configure:17097: checking whether the C++ compiler (g++) is aCC
configure:17110: result: no
configure:17119: checking whether the compiler implements namespaces
configure:17152: g++ -c -g -O2  conftest.cpp >&5
configure:17159: $? = 0
configure:17181: result: yes
configure:17192: checking whether the compiler supports Standard Template Library
configure:17231: g++ -c -g -O2  conftest.cpp >&5
configure:17238: $? = 0
configure:17260: result: yes
configure:17271: checking maximum C++ compiler warning level
configure:17277: result: -Wall -W -pedantic
configure:17286: checking for gettimeofday
configure:17342: g++ -o conftest.exe -Wall -W -pedantic -g -O2   conftest.cpp  >&5
configure:17349: $? = 0
configure:17371: result: yes
configure:17286: checking for uname
configure:17342: g++ -o conftest.exe -Wall -W -pedantic -g -O2   conftest.cpp  >&5
configure:17349: $? = 0
configure:17371: result: yes
configure:17397: checking whether to build the cgicc demos
configure:17399: result: yes
configure:17428: checking whether to build the cgicc fcgi demos
configure:17430: result: no
configure:17670: creating ./config.status

## ---------------------- ##
## Running config.status. ##
## ---------------------- ##

This file was extended by cgicc config.status NOTVERSIONNEDPACKAGE, which was
generated by GNU Autoconf 2.63.  Invocation command line was

  CONFIG_FILES    = 
  CONFIG_HEADERS  = 
  CONFIG_LINKS    = 
  CONFIG_COMMANDS = 
  $ ./config.status 

on titanium

config.status:1085: creating demo/Makefile
config.status:1085: creating contrib/Makefile
config.status:1085: creating Makefile
config.status:1085: creating cgicc/Makefile
config.status:1085: creating cgicc/CgiDefs.h
config.status:1085: creating support/Makefile
config.status:1085: creating support/cgicc-config
config.status:1085: creating doc/Makefile
config.status:1085: creating doc/Doxyfile
config.status:1085: creating cgicc/config.h
config.status:1359: executing depfiles commands
config.status:1359: executing libtool commands

## ---------------- ##
## Cache variables. ##
## ---------------- ##

ac_cv_build=i686-pc-cygwin
ac_cv_c_compiler_gnu=yes
ac_cv_cxx_compiler_gnu=yes
ac_cv_cxx_have_stl=yes
ac_cv_cxx_namespaces=yes
ac_cv_env_CCC_set=
ac_cv_env_CCC_value=
ac_cv_env_CC_set=
ac_cv_env_CC_value=
ac_cv_env_CFLAGS_set=
ac_cv_env_CFLAGS_value=
ac_cv_env_CPPFLAGS_set=
ac_cv_env_CPPFLAGS_value=
ac_cv_env_CPP_set=
ac_cv_env_CPP_value=
ac_cv_env_CXXCPP_set=
ac_cv_env_CXXCPP_value=
ac_cv_env_CXXFLAGS_set=
ac_cv_env_CXXFLAGS_value=
ac_cv_env_CXX_set=
ac_cv_env_CXX_value=
ac_cv_env_LDFLAGS_set=
ac_cv_env_LDFLAGS_value=
ac_cv_env_LIBS_set=
ac_cv_env_LIBS_value=
ac_cv_env_build_alias_set=
ac_cv_env_build_alias_value=
ac_cv_env_host_alias_set=
ac_cv_env_host_alias_value=
ac_cv_env_target_alias_set=
ac_cv_env_target_alias_value=
ac_cv_exeext=.exe
ac_cv_func_gettimeofday=yes
ac_cv_func_uname=yes
ac_cv_header_dlfcn_h=yes
ac_cv_header_inttypes_h=yes
ac_cv_header_memory_h=yes
ac_cv_header_stdc=no
ac_cv_header_stdint_h=yes
ac_cv_header_stdlib_h=yes
ac_cv_header_string_h=yes
ac_cv_header_strings_h=yes
ac_cv_header_sys_stat_h=yes
ac_cv_header_sys_time_h=yes
ac_cv_header_sys_types_h=yes
ac_cv_header_sys_utsname_h=yes
ac_cv_header_unistd_h=yes
ac_cv_host=i686-pc-cygwin
ac_cv_lib_nsl_gethostbyaddr=no
ac_cv_objext=o
ac_cv_path_EGREP='/usr/bin/grep -E'
ac_cv_path_FGREP='/usr/bin/grep -F'
ac_cv_path_GREP=/usr/bin/grep
ac_cv_path_SED=/usr/bin/sed
ac_cv_path_install='/usr/bin/install -c'
ac_cv_path_mkdir=/usr/bin/mkdir
ac_cv_prog_AWK=gawk
ac_cv_prog_CPP='gcc -E'
ac_cv_prog_CXXCPP='g++ -E'
ac_cv_prog_DOXYGEN=doxygen
ac_cv_prog_ac_ct_AR=ar
ac_cv_prog_ac_ct_CC=gcc
ac_cv_prog_ac_ct_CXX=g++
ac_cv_prog_ac_ct_OBJDUMP=objdump
ac_cv_prog_ac_ct_RANLIB=ranlib
ac_cv_prog_ac_ct_STRIP=strip
ac_cv_prog_cc_c89=
ac_cv_prog_cc_g=yes
ac_cv_prog_cxx_g=yes
ac_cv_prog_make_make_set=yes
am_cv_CC_dependencies_compiler_type=gcc3
am_cv_CXX_dependencies_compiler_type=gcc3
cgicc_cv_acc=no
lt_cv_deplibs_check_method='file_magic ^x86 archive import|^x86 DLL'
lt_cv_file_magic_cmd=func_win32_libid
lt_cv_file_magic_test_file=
lt_cv_ld_reload_flag=-r
lt_cv_nm_interface='BSD nm'
lt_cv_objdir=.libs
lt_cv_path_LD=/usr/i686-pc-cygwin/bin/ld.exe
lt_cv_path_LDCXX=/usr/i686-pc-cygwin/bin/ld.exe
lt_cv_path_NM='/usr/bin/nm -B'
lt_cv_prog_compiler_c_o=yes
lt_cv_prog_compiler_c_o_CXX=yes
lt_cv_prog_compiler_pic_works=yes
lt_cv_prog_compiler_pic_works_CXX=yes
lt_cv_prog_compiler_rtti_exceptions=no
lt_cv_prog_compiler_static_works=yes
lt_cv_prog_compiler_static_works_CXX=yes
lt_cv_prog_gnu_ld=yes
lt_cv_prog_gnu_ldcxx=yes
lt_cv_sys_global_symbol_pipe='sed -n -e '\''s/^.*[	 ]\([ABCDGIRSTW][ABCDGIRSTW]*\)[	 ][	 ]*_\([_A-Za-z][_A-Za-z0-9]*\)$/\1 _\2 \2/p'\'''
lt_cv_sys_global_symbol_to_c_name_address='sed -n -e '\''s/^: \([^ ]*\) $/  {\"\1\", (void *) 0},/p'\'' -e '\''s/^[ABCDGIRSTW]* \([^ ]*\) \([^ ]*\)$/  {"\2", (void *) \&\2},/p'\'''
lt_cv_sys_global_symbol_to_c_name_address_lib_prefix='sed -n -e '\''s/^: \([^ ]*\) $/  {\"\1\", (void *) 0},/p'\'' -e '\''s/^[ABCDGIRSTW]* \([^ ]*\) \(lib[^ ]*\)$/  {"\2", (void *) \&\2},/p'\'' -e '\''s/^[ABCDGIRSTW]* \([^ ]*\) \([^ ]*\)$/  {"lib\2", (void *) \&\2},/p'\'''
lt_cv_sys_global_symbol_to_cdecl='sed -n -e '\''s/^T .* \(.*\)$/extern int \1();/p'\'' -e '\''s/^[ABCDGIRSTW]* .* \(.*\)$/extern char \1;/p'\'''
lt_cv_sys_max_cmd_len=8192

## ----------------- ##
## Output variables. ##
## ----------------- ##

ACLOCAL='${SHELL} /cygdrive/d/cygwin/home/sebastien/CGICC/cgicc/support/missing --run aclocal-1.10'
AMDEPBACKSLASH='\'
AMDEP_FALSE='#'
AMDEP_TRUE=''
AMTAR='${SHELL} /cygdrive/d/cygwin/home/sebastien/CGICC/cgicc/support/missing --run tar'
AR='ar'
AUTOCONF='${SHELL} /cygdrive/d/cygwin/home/sebastien/CGICC/cgicc/support/missing --run autoconf'
AUTOHEADER='${SHELL} /cygdrive/d/cygwin/home/sebastien/CGICC/cgicc/support/missing --run autoheader'
AUTOMAKE='${SHELL} /cygdrive/d/cygwin/home/sebastien/CGICC/cgicc/support/missing --run automake-1.10'
AWK='gawk'
CC='gcc'
CCDEPMODE='depmode=gcc3'
CFLAGS='-g -O2'
CPP='gcc -E'
CPPFLAGS=''
CXX='g++'
CXXCPP='g++ -E'
CXXDEPMODE='depmode=gcc3'
CXXFLAGS='-Wall -W -pedantic -g -O2'
CYGPATH_W='cygpath -w'
DEFS='-DHAVE_CONFIG_H'
DEMOS_FALSE='#'
DEMOS_TRUE=''
DEMO_LIBS=''
DEPDIR='.deps'
DOXYGEN='doxygen'
DSYMUTIL=''
DUMPBIN=''
ECHO_C=''
ECHO_N='-n'
ECHO_T=''
EGREP='/usr/bin/grep -E'
EXEEXT='.exe'
FCGI_DEMOS_FALSE=''
FCGI_DEMOS_TRUE='#'
FCGI_LIBS=''
FGREP='/usr/bin/grep -F'
GREP='/usr/bin/grep'
INSTALL_DATA='${INSTALL} -m 644'
INSTALL_PROGRAM='${INSTALL}'
INSTALL_SCRIPT='${INSTALL}'
INSTALL_STRIP_PROGRAM='$(install_sh) -c -s'
LD='/usr/i686-pc-cygwin/bin/ld.exe'
LDFLAGS=''
LIBOBJS=''
LIBS=''
LIBTOOL='$(SHELL) $(top_builddir)/libtool'
LIB_NET=''
LIPO=''
LN_S='ln -s'
LTLIBOBJS=''
MAKEINFO='${SHELL} /cygdrive/d/cygwin/home/sebastien/CGICC/cgicc/support/missing --run makeinfo'
MKDIR_P='/usr/bin/mkdir -p'
NM='/usr/bin/nm -B'
NMEDIT=''
OBJDUMP='objdump'
OBJEXT='o'
OTOOL64=''
OTOOL=''
PACKAGE='cgicc'
PACKAGE_BUGREPORT='bug-cgicc@gnu.org'
PACKAGE_NAME='cgicc'
PACKAGE_STRING='cgicc NOTVERSIONNEDPACKAGE'
PACKAGE_TARNAME='cgicc'
PACKAGE_VERSION='NOTVERSIONNEDPACKAGE'
PATH_SEPARATOR=':'
RANLIB='ranlib'
SED='/usr/bin/sed'
SET_MAKE=''
SHELL='/bin/sh'
STRIP='strip'
VERSION='NOTVERSIONNEDPACKAGE'
ac_ct_CC='gcc'
ac_ct_CXX='g++'
ac_ct_DUMPBIN=''
am__fastdepCC_FALSE='#'
am__fastdepCC_TRUE=''
am__fastdepCXX_FALSE='#'
am__fastdepCXX_TRUE=''
am__include='include'
am__isrc=''
am__leading_dot='.'
am__quote=''
am__tar='${AMTAR} chof - "$$tardir"'
am__untar='${AMTAR} xf -'
bindir='${exec_prefix}/bin'
build='i686-pc-cygwin'
build_alias=''
build_cpu='i686'
build_os='cygwin'
build_vendor='pc'
datadir='${datarootdir}'
datarootdir='${prefix}/share'
docdir='${datarootdir}/doc/${PACKAGE_TARNAME}'
dvidir='${docdir}'
exec_prefix='${prefix}'
host='i686-pc-cygwin'
host_alias=''
host_cpu='i686'
host_os='cygwin'
host_vendor='pc'
htmldir='${docdir}'
includedir='${prefix}/include'
infodir='${datarootdir}/info'
install_sh='$(SHELL) /cygdrive/d/cygwin/home/sebastien/CGICC/cgicc/support/install-sh'
libdir='${exec_prefix}/lib'
libexecdir='${exec_prefix}/libexec'
localedir='${datarootdir}/locale'
localstatedir='${prefix}/var'
lt_ECHO='echo'
mandir='${datarootdir}/man'
mkdir_p='/usr/bin/mkdir -p'
oldincludedir='/usr/include'
pdfdir='${docdir}'
prefix='/usr'
program_transform_name='s,x,x,'
psdir='${docdir}'
sbindir='${exec_prefix}/sbin'
sharedstatedir='${prefix}/com'
sysconfdir='${prefix}/etc'
target_alias=''

## ----------- ##
## confdefs.h. ##
## ----------- ##

#define PACKAGE_NAME "cgicc"
#define PACKAGE_TARNAME "cgicc"
#define PACKAGE_VERSION "NOTVERSIONNEDPACKAGE"
#define PACKAGE_STRING "cgicc NOTVERSIONNEDPACKAGE"
#define PACKAGE_BUGREPORT "bug-cgicc@gnu.org"
#define PACKAGE "cgicc"
#define VERSION "NOTVERSIONNEDPACKAGE"
#define HAVE_SYS_TYPES_H 1
#define HAVE_SYS_STAT_H 1
#define HAVE_STDLIB_H 1
#define HAVE_STRING_H 1
#define HAVE_MEMORY_H 1
#define HAVE_STRINGS_H 1
#define HAVE_INTTYPES_H 1
#define HAVE_STDINT_H 1
#define HAVE_UNISTD_H 1
#define HAVE_DLFCN_H 1
#define LT_OBJDIR ".libs/"
#define HAVE_SYS_TIME_H 1
#define HAVE_SYS_UTSNAME_H 1
#define HOST "i686-pc-cygwin"
#define HAVE_NAMESPACES /**/
#define HAVE_STL /**/
#define HAVE_GETTIMEOFDAY 1
#define HAVE_UNAME 1

configure: exit 0
